2023-07-31 - 09:33:26 pm (GMT+5) -- ::1 -- GET / 
2023-07-31 - 09:51:36 pm (GMT+5) -- ::1 -- GET / 
2023-07-31 - 09:52:09 pm (GMT+5) -- ::1 -- GET / 
2023-07-31 - 09:54:55 pm (GMT+5) -- ::1 -- GET / 
2023-07-31 - 09:57:22 pm (GMT+5) -- ::1 -- GET / 
ERROR: 2023-07-31 - 09:57:22 pm (GMT+5) -- ::1 -- GET / 
>>>>>> ReferenceError: header is not defined
2023-07-31 - 09:57:51 pm (GMT+5) -- ::1 -- GET / 
2023-07-31 - 09:58:28 pm (GMT+5) -- ::1 -- GET / 
2023-07-31 - 09:59:15 pm (GMT+5) -- ::1 -- GET / 
2023-07-31 - 10:00:00 pm (GMT+5) -- ::1 -- GET / 
2023-07-31 - 10:00:13 pm (GMT+5) -- ::1 -- GET / 
2023-07-31 - 10:01:14 pm (GMT+5) -- ::1 -- GET / 
2023-07-31 - 10:02:10 pm (GMT+5) -- ::1 -- GET / 
2023-07-31 - 10:02:54 pm (GMT+5) -- ::1 -- GET / 
2023-07-31 - 10:03:28 pm (GMT+5) -- ::1 -- GET / 
2023-07-31 - 10:04:50 pm (GMT+5) -- ::1 -- GET / 
2023-07-31 - 10:07:30 pm (GMT+5) -- ::1 -- GET / 
2023-07-31 - 10:09:39 pm (GMT+5) -- ::1 -- GET /reps 
2023-07-31 - 10:12:30 pm (GMT+5) -- ::1 -- GET /reps 
[object Promise]
[object Promise]
[object Promise]
[object Promise]
[object Promise]
[object Promise]
[object Promise]
[object Promise]
[object Promise]
[object Promise]
[object Promise]
[object Promise]
[object Promise]
[object Promise]
[object Promise]
[object Promise]
[object Promise]
[object Promise]
[object Promise]
[object Promise]
[object Promise]
[object Promise]
[object Promise]
[object Promise]
[object Promise]
[object Promise]
[object Promise]
[object Promise]
[object Promise]
[object Promise]
[object Promise]
[object Promise]
[object Promise]
[object Promise]
[object Promise]
[object Promise]
[object Promise]
[object Promise]
[object Promise]
[object Promise]
[object Promise]
[object Promise]
[object Promise]
[object Promise]
[object Promise]
[object Promise]
[object Promise]
[object Promise]
[object Promise]
[object Promise]
[object Promise]
[object Promise]
[object Promise]
[object Promise]
[object Promise]
[object Promise]
[object Promise]
[object Promise]
[object Promise]
[object Promise]
[object Promise]
[object Promise]
[object Promise]
[object Promise]
[object Promise]
[object Promise]
[object Promise]
[object Promise]
[object Promise]
[object Promise]
[object Promise]
[object Promise]
[object Promise]
[object Promise]
[object Promise]
[object Promise]
[object Promise]
[object Promise]
[object Promise]
[object Promise]
[object Promise]
